<?xml version="1.0" encoding="utf-8"?><testsuites name="pytest tests"><testsuite name="pytest" errors="0" failures="0" skipped="0" tests="17" time="3.754" timestamp="2026-06-29T21:52:02.219042+00:00" hostname="agent-env-5c399895-0b94-4521-a942-c8243d181cc9"><testcase classname="tests.test_hardware" name="test_hardware_info_admin" time="0.761" /><testcase classname="tests.test_hardware" name="test_hardware_info_tech_can_view" time="0.443" /><testcase classname="tests.test_hardware" name="test_hardware_info_unauth" time="0.105" /><testcase classname="tests.test_hardware" name="test_hardware_config_shape" time="0.130" /><testcase classname="tests.test_hardware" name="test_apply_performance_profile_admin" time="0.227" /><testcase classname="tests.test_hardware" name="test_apply_unknown_profile_400" time="0.168" /><testcase classname="tests.test_hardware" name="test_apply_profile_tech_denied" time="0.113" /><testcase classname="tests.test_hardware" name="test_apply_profile_viewer_denied" time="0.455" /><testcase classname="tests.test_hardware" name="test_put_config_admin_marks_custom" time="0.366" /><testcase classname="tests.test_hardware" name="test_put_config_invalid_values_ignored" time="0.119" /><testcase classname="tests.test_hardware" name="test_put_config_tech_denied" time="0.111" /><testcase classname="tests.test_hardware" name="test_put_config_viewer_denied" time="0.104" /><testcase classname="tests.test_hardware" name="test_hardware_monitor" time="0.104" /><testcase classname="tests.test_hardware" name="test_hardware_monitor_tech" time="0.106" /><testcase classname="tests.test_hardware" name="test_regression_reports_types" time="0.104" /><testcase classname="tests.test_hardware" name="test_regression_network_stats" time="0.137" /><testcase classname="tests.test_hardware" name="test_zz_restore_balanced" time="0.109" /></testsuite></testsuites>