<?xml version="1.0" encoding="utf-8"?><testsuites name="pytest tests"><testsuite name="pytest" errors="0" failures="0" skipped="0" tests="10" time="5.585" timestamp="2026-07-22T11:03:15.289194+00:00" hostname="agent-env-5c399895-0b94-4521-a942-c8243d181cc9"><testcase classname="tests.test_iter17_uniform_viewer.TestRecordingContext" name="test_requires_auth" time="2.054" /><testcase classname="tests.test_iter17_uniform_viewer.TestRecordingContext" name="test_404_when_no_coverage" time="0.457" /><testcase classname="tests.test_iter17_uniform_viewer.TestRecordingContext" name="test_structure_if_available" time="0.212" /><testcase classname="tests.test_iter17_uniform_viewer.TestEventRecordingFallback" name="test_404_unknown_id" time="0.138" /><testcase classname="tests.test_iter17_uniform_viewer.TestEventRecordingFallback" name="test_alert_id_accepted" time="0.208" /><testcase classname="tests.test_iter17_uniform_viewer.TestZeroSimulated" name="test_no_simulated_in_stream" time="0.127" /><testcase classname="tests.test_iter17_uniform_viewer.TestZeroSimulated" name="test_no_simulated_in_hardware_info" time="0.100" /><testcase classname="tests.test_iter17_uniform_viewer.TestZeroSimulated" name="test_no_simulated_in_playback" time="0.202" /><testcase classname="tests.test_iter17_uniform_viewer.TestPluginsInventory" name="test_plugins_count" time="1.869" /><testcase classname="tests.test_iter17_uniform_viewer.TestPluginsInventory" name="test_access_control_status" time="0.137" /></testsuite></testsuites>