<?xml version="1.0" encoding="utf-8"?><testsuites name="pytest tests"><testsuite name="pytest" errors="0" failures="0" skipped="0" tests="17" time="8.746" timestamp="2026-07-22T15:14:35.604849+00:00" hostname="agent-env-5c399895-0b94-4521-a942-c8243d181cc9"><testcase classname="tests.test_iter19_rtsp_fallback.TestRtspVariantsUnit" name="test_reolink_h264_url_generates_all_combos" time="0.309" /><testcase classname="tests.test_iter19_rtsp_fallback.TestRtspVariantsUnit" name="test_reolink_h265_preference_prioritized" time="0.000" /><testcase classname="tests.test_iter19_rtsp_fallback.TestRtspVariantsUnit" name="test_reolink_h264_preference_prioritized" time="0.000" /><testcase classname="tests.test_iter19_rtsp_fallback.TestRtspVariantsUnit" name="test_hikvision_variants" time="0.000" /><testcase classname="tests.test_iter19_rtsp_fallback.TestRtspVariantsUnit" name="test_dahua_variants" time="0.000" /><testcase classname="tests.test_iter19_rtsp_fallback.TestRtspVariantsUnit" name="test_empty_or_invalid_url" time="0.000" /><testcase classname="tests.test_iter19_rtsp_fallback.TestRtspVariantsUnit" name="test_ffprobe_accepts_udp_transport" time="0.002" /><testcase classname="tests.test_iter19_rtsp_fallback.TestTestConnectivityFallback" name="test_accepts_new_fields_and_returns_tried_variants_on_error" time="2.244" /><testcase classname="tests.test_iter19_rtsp_fallback.TestTestConnectivityFallback" name="test_accepts_udp_transport_field" time="0.100" /><testcase classname="tests.test_iter19_rtsp_fallback.TestCameraDiagnostic" name="test_diagnostic_contains_masked_url_and_profile_fields" time="0.151" /><testcase classname="tests.test_iter19_rtsp_fallback.TestCameraDiagnostic" name="test_mask_rtsp_helper_masks_credentials" time="0.057" /><testcase classname="tests.test_iter19_rtsp_fallback.TestCreateCameraOverride" name="test_camera_input_accepts_allow_rtsp_override" time="0.230" /><testcase classname="tests.test_iter19_rtsp_fallback.TestCreateCameraOverride" name="test_create_camera_rtsp_valid_persists_transport_codec" time="0.518" /><testcase classname="tests.test_iter19_rtsp_fallback.TestRegressions" name="test_plugins_endpoint" time="1.977" /><testcase classname="tests.test_iter19_rtsp_fallback.TestRegressions" name="test_storage_overview" time="0.205" /><testcase classname="tests.test_iter19_rtsp_fallback.TestRegressions" name="test_diagnostic_structure" time="0.136" /><testcase classname="tests.test_iter19_rtsp_fallback.TestRegressions" name="test_live_mjpeg_still_working" time="2.723" /></testsuite></testsuites>