<?xml version="1.0" encoding="utf-8"?><testsuites name="pytest tests"><testsuite name="pytest" errors="0" failures="0" skipped="0" tests="13" time="2.645" timestamp="2026-08-06T16:25:40.747876+00:00" hostname="agent-env-5c399895-0b94-4521-a942-c8243d181cc9"><testcase classname="tests.test_testing_bypass" name="test_testing_flag_active" time="0.000" /><testcase classname="tests.test_testing_bypass" name="test_security_module_bypass_flag" time="0.042" /><testcase classname="tests.test_testing_bypass" name="test_auth_module_bypass_flag" time="0.319" /><testcase classname="tests.test_welcome_center" name="test_welcome_summary_shape" time="0.529" /><testcase classname="tests.test_testing_bypass" name="test_security_middleware_skips_when_testing" time="0.165" /><testcase classname="tests.test_testing_bypass" name="test_auth_lockout_bypassed_when_testing" time="0.000" /><testcase classname="tests.test_welcome_center" name="test_welcome_changelog_parses_versions" time="0.117" /><testcase classname="tests.test_welcome_center" name="test_welcome_changelog_since_version_filter" time="0.224" /><testcase classname="tests.test_welcome_center" name="test_welcome_preferences_persist" time="0.299" /><testcase classname="tests.test_welcome_center" name="test_welcome_news_admin_crud" time="0.336" /><testcase classname="tests.test_welcome_center" name="test_welcome_summary_reflects_new_since_last_seen" time="0.497" /><testcase classname="tests.test_welcome_center" name="test_welcome_requires_auth" time="0.087" /><testcase classname="tests.test_welcome_center" name="test_welcome_news_denies_non_admin" time="0.081" /></testsuite></testsuites>