<?xml version="1.0" encoding="utf-8"?><testsuites name="pytest tests"><testsuite name="pytest" errors="0" failures="0" skipped="0" tests="9" time="33.202" timestamp="2026-07-04T21:13:55.230009+00:00" hostname="agent-env-5c399895-0b94-4521-a942-c8243d181cc9"><testcase classname="tests.test_iter14_alerts" name="test_plates_color_lowercase" time="0.673" /><testcase classname="tests.test_iter14_alerts" name="test_plates_color_uppercase" time="0.135" /><testcase classname="tests.test_iter14_alerts" name="test_plates_color_unknown_returns_empty_ok" time="0.139" /><testcase classname="tests.test_iter14_alerts" name="test_get_ai_alert_rules_has_7_scenarios" time="0.105" /><testcase classname="tests.test_iter14_alerts" name="test_put_ai_alert_rules_toggle_rodeur" time="0.485" /><testcase classname="tests.test_iter14_alerts" name="test_put_ai_alert_rules_ignores_unknown_keys" time="0.159" /><testcase classname="tests.test_iter14_alerts" name="test_enfant_route_alert_exists_with_thumbnail" time="0.117" /><testcase classname="tests.test_iter14_alerts" name="test_no_mongo_id_leak" time="0.138" /><testcase classname="tests.test_iter14_alerts" name="test_trigger_intrusion_nocturne" time="30.919" /></testsuite></testsuites>