<?xml version="1.0" encoding="utf-8"?><testsuites name="pytest tests"><testsuite name="pytest" errors="0" failures="1" skipped="0" tests="6" time="3.538" timestamp="2026-07-22T16:06:58.865018+00:00" hostname="agent-env-5c399895-0b94-4521-a942-c8243d181cc9"><testcase classname="tests.test_iter21_rtsp_final.TestRtspCreationValidation" name="test_A_invalid_rtsp_override_false_returns_400" time="0.695" /><testcase classname="tests.test_iter21_rtsp_final.TestRtspCreationValidation" name="test_B_valid_rtsp_empty_creds_returns_200_with_codec" time="0.232"><failure message="AssertionError: Attendu 200, reçu 400 : {&quot;detail&quot;:&quot;URL RTSP invalide — aucune variante n'a répondu. Utilisez le test de connexion pour diagnostiquer, puis cochez « Créer malgré le test RTSP » pour forcer.&quot;}&#10;assert 400 == 200&#10; +  where 400 = &lt;Response [400]&gt;.status_code">backend/tests/test_iter21_rtsp_final.py:76: in test_B_valid_rtsp_empty_creds_returns_200_with_codec
    assert r.status_code == 200, f"Attendu 200, reçu {r.status_code} : {r.text}"
E   AssertionError: Attendu 200, reçu 400 : {"detail":"URL RTSP invalide — aucune variante n'a répondu. Utilisez le test de connexion pour diagnostiquer, puis cochez « Créer malgré le test RTSP » pour forcer."}
E   assert 400 == 200
E    +  where 400 = &lt;Response [400]&gt;.status_code</failure></testcase><testcase classname="tests.test_iter21_rtsp_final.TestRtspCreationValidation" name="test_C_invalid_rtsp_override_true_behavior" time="0.149" /><testcase classname="tests.test_iter21_rtsp_final.TestRegressionEndpoints" name="test_test_connectivity_still_works" time="0.210" /><testcase classname="tests.test_iter21_rtsp_final.TestRegressionEndpoints" name="test_diagnostic_still_works" time="0.173" /><testcase classname="tests.test_iter21_rtsp_final.TestRegressionEndpoints" name="test_live_mjpeg_still_works" time="1.987" /></testsuite></testsuites>