<?xml version="1.0" encoding="utf-8"?><testsuites name="pytest tests"><testsuite name="pytest" errors="0" failures="0" skipped="0" tests="18" time="33.667" timestamp="2026-07-22T19:51:43.815629+00:00" hostname="agent-env-5c399895-0b94-4521-a942-c8243d181cc9"><testcase classname="tests.test_iter24_rtsp_ffprobe_fix.TestHelpers" name="test_strip_fragments_removes_transport" time="0.291" /><testcase classname="tests.test_iter24_rtsp_ffprobe_fix.TestHelpers" name="test_strip_fragments_no_hash" time="0.000" /><testcase classname="tests.test_iter24_rtsp_ffprobe_fix.TestHelpers" name="test_strip_fragments_empty" time="0.000" /><testcase classname="tests.test_iter24_rtsp_ffprobe_fix.TestHelpers" name="test_strip_fragments_multiple" time="0.000" /><testcase classname="tests.test_iter24_rtsp_ffprobe_fix.TestHelpers" name="test_build_rtsp_url_still_adds_fragment" time="0.000" /><testcase classname="tests.test_iter24_rtsp_ffprobe_fix.TestHelpers" name="test_build_rtsp_url_udp_fragment" time="0.000" /><testcase classname="tests.test_iter24_rtsp_ffprobe_fix.TestConnectivityBugFix" name="test_rtsp_demo_cam_validated" time="9.470" /><testcase classname="tests.test_iter24_rtsp_ffprobe_fix.TestConnectivityBugFix" name="test_password_never_leaked_in_debug" time="8.486" /><testcase classname="tests.test_iter24_rtsp_ffprobe_fix.TestLogs" name="test_logs_contain_trace_steps" time="10.687" /><testcase classname="tests.test_iter24_rtsp_ffprobe_fix.TestRegressionEndpoints" name="test_plugins_list" time="0.167" /><testcase classname="tests.test_iter24_rtsp_ffprobe_fix.TestRegressionEndpoints" name="test_storage_overview" time="0.138" /><testcase classname="tests.test_iter24_rtsp_ffprobe_fix.TestRegressionEndpoints" name="test_camera_diagnostic" time="0.178" /><testcase classname="tests.test_iter24_rtsp_ffprobe_fix.TestRegressionEndpoints" name="test_anpr_config_get" time="0.204" /><testcase classname="tests.test_iter24_rtsp_ffprobe_fix.TestRegressionEndpoints" name="test_anpr_cameras" time="0.111" /><testcase classname="tests.test_iter24_rtsp_ffprobe_fix.TestRegressionEndpoints" name="test_anpr_watchlist_export" time="0.143" /><testcase classname="tests.test_iter24_rtsp_ffprobe_fix.TestRegressionEndpoints" name="test_face_recognition_config" time="0.115" /><testcase classname="tests.test_iter24_rtsp_ffprobe_fix.TestRegressionEndpoints" name="test_face_recognition_faces_list" time="0.119" /><testcase classname="tests.test_iter24_rtsp_ffprobe_fix.TestLiveVideo" name="test_mjpeg_streams_bytes" time="3.478" /></testsuite></testsuites>