<?xml version="1.0" encoding="utf-8"?><testsuites name="pytest tests"><testsuite name="pytest" errors="0" failures="1" skipped="0" tests="15" time="11.345" timestamp="2026-07-22T15:55:20.629473+00:00" hostname="agent-env-5c399895-0b94-4521-a942-c8243d181cc9"><testcase classname="tests.test_iter20_rtsp_debug.TestMaskUrlPassword" name="test_masks_password" time="0.469" /><testcase classname="tests.test_iter20_rtsp_debug.TestBuildRtspUrl" name="test_encode_special_chars_once" time="0.446" /><testcase classname="tests.test_iter20_rtsp_debug.TestBuildRtspUrl" name="test_preserves_url_with_existing_creds" time="0.000" /><testcase classname="tests.test_iter20_rtsp_debug.TestBuildRtspUrl" name="test_applies_transport" time="0.000" /><testcase classname="tests.test_iter20_rtsp_debug.TestTryFfprobeVariants" name="test_returns_3_tuple_with_attempts_on_unreachable" time="0.005" /><testcase classname="tests.test_iter20_rtsp_debug.TestTryFfprobeVariants" name="test_order_tcp_first_then_udp" time="0.003" /><testcase classname="tests.test_iter20_rtsp_debug.TestTryFfprobeVariants" name="test_order_h264_before_h265_within_transport" time="0.003" /><testcase classname="tests.test_iter20_rtsp_debug.TestMaskUrlPassword" name="test_no_creds_no_change" time="0.000" /><testcase classname="tests.test_iter20_rtsp_debug.TestMaskUrlPassword" name="test_masks_encoded_password" time="0.000" /><testcase classname="tests.test_iter20_rtsp_debug.TestRegressions" name="test_diagnostic_returns_rtsp_url_masked" time="0.983" /><testcase classname="tests.test_iter20_rtsp_debug.TestConnectivityEndpoint" name="test_returns_new_fields_on_failure" time="3.976" /><testcase classname="tests.test_iter20_rtsp_debug.TestRegressions" name="test_live_mjpeg_demo_cam_gt_10kb_in_3s" time="1.702" /><testcase classname="tests.test_iter20_rtsp_debug.TestCameraCreationValidation" name="test_reject_creation_without_rtsp_validation" time="0.278"><failure message="AssertionError: Attendu 400, reçu 200 : {&quot;id&quot;:&quot;f5132800-f627-4b7b-8be5-0b74bbf40889&quot;,&quot;status&quot;:&quot;offline&quot;,&quot;last_seen&quot;:&quot;2026-07-22T15:55:24.375522+00:00&quot;,&quot;created_at&quot;:&quot;2026-07-22T15:55:24.375522+00:00&quot;,&quot;site_name&quot;:&quot;Site principal&quot;,&quot;lat&quot;:null,&quot;lng&quot;:null,&quot;name&quot;:&quot;TEST_iter20_reject&quot;,&quot;site_id&quot;:&quot;4de57356-4c53-44fb-acda-5a598808978f&quot;,&quot;mode&quot;:&quot;rtsp&quot;,&quot;ip&quot;:&quot;&quot;,&quot;rtsp_port&quot;:554,&quot;onvif_port&quot;:80,&quot;port&quot;:554,&quot;protocol&quot;:&quot;RTSP&quot;,&quot;codec&quot;:&quot;H264&quot;,&quot;model&quot;:&quot;&quot;,&quot;manufacturer&quot;:&quot;&quot;,&quot;firmware&quot;:&quot;&quot;,&quot;rtsp_url&quot;:&quot;rtsp://192.0.2.99:554/nowhere&quot;,&quot;username&quot;:&quot;u&quot;,&quot;profile_token&quot;:&quot;&quot;,&quot;profile_name&quot;:&quot;&quot;,&quot;resolution&quot;:&quot;&quot;,&quot;fps&quot;:null,&quot;bitrate&quot;:null,&quot;ptz_enabled&quot;:false,&quot;record_enabled&quot;:true,&quot;detect_enabled&quot;:false,&quot;rtsp_transport&quot;:&quot;tcp&quot;,&quot;preferred_codec&quot;:&quot;auto&quot;,&quot;allow_rtsp_override&quot;:false}&#10;assert 200 == 400&#10; +  where 200 = &lt;Response [200]&gt;.status_code">backend/tests/test_iter20_rtsp_debug.py:246: in test_reject_creation_without_rtsp_validation
    assert r.status_code == 400, f"Attendu 400, reçu {r.status_code} : {r.text}"
E   AssertionError: Attendu 400, reçu 200 : {"id":"f5132800-f627-4b7b-8be5-0b74bbf40889","status":"offline","last_seen":"2026-07-22T15:55:24.375522+00:00","created_at":"2026-07-22T15:55:24.375522+00:00","site_name":"Site principal","lat":null,"lng":null,"name":"TEST_iter20_reject","site_id":"4de57356-4c53-44fb-acda-5a598808978f","mode":"rtsp","ip":"","rtsp_port":554,"onvif_port":80,"port":554,"protocol":"RTSP","codec":"H264","model":"","manufacturer":"","firmware":"","rtsp_url":"rtsp://192.0.2.99:554/nowhere","username":"u","profile_token":"","profile_name":"","resolution":"","fps":null,"bitrate":null,"ptz_enabled":false,"record_enabled":true,"detect_enabled":false,"rtsp_transport":"tcp","preferred_codec":"auto","allow_rtsp_override":false}
E   assert 200 == 400
E    +  where 200 = &lt;Response [200]&gt;.status_code</failure></testcase><testcase classname="tests.test_iter20_rtsp_debug.TestConnectivityEndpoint" name="test_password_never_leaked_in_response" time="3.125" /><testcase classname="tests.test_iter20_rtsp_debug.TestConnectivityEndpoint" name="test_debug_attempts_ordering" time="3.165" /></testsuite></testsuites>