<?xml version="1.0" encoding="utf-8"?><testsuites name="pytest tests"><testsuite name="pytest" errors="0" failures="0" skipped="0" tests="9" time="219.234" timestamp="2026-07-20T21:13:07.835682+00:00" hostname="agent-env-5c399895-0b94-4521-a942-c8243d181cc9"><testcase classname="tests.test_iter15_camera_pipeline" name="test_connectivity_success_loopback" time="7.063" /><testcase classname="tests.test_iter15_camera_pipeline" name="test_connectivity_unreachable" time="18.067" /><testcase classname="tests.test_iter15_camera_pipeline" name="test_create_camera_invalid_rtsp_rejected" time="0.164" /><testcase classname="tests.test_iter15_camera_pipeline" name="test_created_camera_has_ports_and_streams" time="0.190" /><testcase classname="tests.test_iter15_camera_pipeline" name="test_frame_jpeg_returns_valid_image" time="5.738" /><testcase classname="tests.test_iter15_camera_pipeline" name="test_mjpeg_stream_headers" time="2.045" /><testcase classname="tests.test_iter15_camera_pipeline" name="test_status_online_within_60s" time="35.436" /><testcase classname="tests.test_iter15_camera_pipeline" name="test_ffmpeg_recorder_and_directory" time="150.244" /><testcase classname="tests.test_iter15_camera_pipeline" name="test_demo_cameras_have_real_mp4_segments" time="0.177" /></testsuite></testsuites>