<?xml version="1.0" encoding="utf-8"?><testsuites name="pytest tests"><testsuite name="pytest" errors="0" failures="1" skipped="0" tests="14" time="52.486" timestamp="2026-07-03T21:57:05.583561+00:00" hostname="agent-env-5c399895-0b94-4521-a942-c8243d181cc9"><testcase classname="tests.test_real_system" name="test_dashboard_real_counters" time="25.070" /><testcase classname="tests.test_real_system" name="test_dashboard_timeseries" time="0.106" /><testcase classname="tests.test_real_system" name="test_two_demo_cameras_exist" time="0.114" /><testcase classname="tests.test_real_system" name="test_camera_test_endpoint_real_probe" time="9.826" /><testcase classname="tests.test_real_system" name="test_camera_snapshot_real_jpeg" time="2.239" /><testcase classname="tests.test_real_system" name="test_onvif_discover_no_devices" time="4.136" /><testcase classname="tests.test_real_system" name="test_live_mjpeg_stream" time="3.792" /><testcase classname="tests.test_real_system" name="test_recordings_list_and_media_playback" time="0.242" /><testcase classname="tests.test_real_system" name="test_recording_export_mp4" time="1.219" /><testcase classname="tests.test_real_system" name="test_recording_export_zip" time="4.865" /><testcase classname="tests.test_real_system" name="test_events_real_ai" time="0.105" /><testcase classname="tests.test_real_system" name="test_network_equipment_empty_then_ping_real" time="0.327"><failure message="AssertionError: {&quot;detail&quot;:&quot;Type invalide&quot;}&#10;assert 400 == 200&#10; +  where 400 = &lt;Response [400]&gt;.status_code">backend/tests/test_real_system.py:241: in test_network_equipment_empty_then_ping_real
    assert r.status_code == 200, r.text
E   AssertionError: {"detail":"Type invalide"}
E   assert 400 == 200
E    +  where 400 = &lt;Response [400]&gt;.status_code</failure></testcase><testcase classname="tests.test_real_system" name="test_hardware_monitor_no_fake_gpus" time="0.105" /><testcase classname="tests.test_real_system" name="test_plates_no_fake_seed" time="0.103" /></testsuite></testsuites>