<?xml version="1.0" encoding="utf-8"?><testsuites name="pytest tests"><testsuite name="pytest" errors="0" failures="0" skipped="0" tests="18" time="16.740" timestamp="2026-07-22T21:13:28.172032+00:00" hostname="agent-env-5c399895-0b94-4521-a942-c8243d181cc9"><testcase classname="tests.test_iter25_rtsp_no_fragment.TestBuildRtspUrlNoFragment" name="test_no_fragment_appended_udp" time="0.278" /><testcase classname="tests.test_iter25_rtsp_no_fragment.TestBuildRtspUrlNoFragment" name="test_no_fragment_appended_tcp" time="0.000" /><testcase classname="tests.test_iter25_rtsp_no_fragment.TestBuildRtspUrlNoFragment" name="test_historic_fragment_stripped" time="0.000" /><testcase classname="tests.test_iter25_rtsp_no_fragment.TestBuildRtspUrlNoFragment" name="test_historic_fragment_udp_stripped" time="0.000" /><testcase classname="tests.test_iter25_rtsp_no_fragment.TestBuildRtspUrlNoFragment" name="test_credentials_still_injected_no_fragment" time="0.000" /><testcase classname="tests.test_iter25_rtsp_no_fragment.TestBuildRtspUrlNoFragment" name="test_empty_url_returns_empty" time="0.000" /><testcase classname="tests.test_iter25_rtsp_no_fragment.TestConnectivity" name="test_connectivity_demo_cam_tcp" time="2.077" /><testcase classname="tests.test_iter25_rtsp_no_fragment.TestConnectivity" name="test_connectivity_demo_cam_udp" time="1.660" /><testcase classname="tests.test_iter25_rtsp_no_fragment.TestGo2rtcFrame" name="test_frame_jpeg_size" time="0.220" /><testcase classname="tests.test_iter25_rtsp_no_fragment.TestGo2rtcFrame" name="test_live_mjpeg_stream" time="4.803" /><testcase classname="tests.test_iter25_rtsp_no_fragment.TestFfprobeCli" name="test_ffprobe_command_uses_cli_transport" time="2.718" /><testcase classname="tests.test_iter25_rtsp_no_fragment.TestCameraCreate" name="test_create_rtsp_invalid_returns_400" time="0.554" /><testcase classname="tests.test_iter25_rtsp_no_fragment.TestCameraCreate" name="test_create_rtsp_valid_returns_200_no_fragment" time="3.700" /><testcase classname="tests.test_iter25_rtsp_no_fragment.TestRegressionEndpoints" name="test_anpr_config" time="0.143" /><testcase classname="tests.test_iter25_rtsp_no_fragment.TestRegressionEndpoints" name="test_anpr_cameras" time="0.158" /><testcase classname="tests.test_iter25_rtsp_no_fragment.TestRegressionEndpoints" name="test_anpr_watchlist_export" time="0.115" /><testcase classname="tests.test_iter25_rtsp_no_fragment.TestRegressionEndpoints" name="test_face_recognition_config" time="0.115" /><testcase classname="tests.test_iter25_rtsp_no_fragment.TestRegressionEndpoints" name="test_face_recognition_faces" time="0.112" /></testsuite></testsuites>