<?xml version="1.0" encoding="utf-8"?><testsuites name="pytest tests"><testsuite name="pytest" errors="0" failures="1" skipped="0" tests="25" time="6.990" timestamp="2026-07-22T10:46:55.166661+00:00" hostname="agent-env-5c399895-0b94-4521-a942-c8243d181cc9"><testcase classname="tests.test_iter16_plugin_config.TestAnprConfig" name="test_global_get_defaults" time="1.193" /><testcase classname="tests.test_iter16_plugin_config.TestAnprConfig" name="test_global_put_admin_only" time="0.208" /><testcase classname="tests.test_iter16_plugin_config.TestAnprConfig" name="test_global_put_and_persist" time="0.293" /><testcase classname="tests.test_iter16_plugin_config.TestAnprConfig" name="test_camera_config_get" time="0.197" /><testcase classname="tests.test_iter16_plugin_config.TestAnprConfig" name="test_camera_config_rejects_polygon_lt_3" time="0.092" /><testcase classname="tests.test_iter16_plugin_config.TestAnprConfig" name="test_camera_config_rejects_out_of_range" time="0.105" /><testcase classname="tests.test_iter16_plugin_config.TestAnprConfig" name="test_camera_config_put_ok_and_normalize_plates" time="0.100" /><testcase classname="tests.test_iter16_plugin_config.TestAnprConfig" name="test_camera_config_404" time="0.094" /><testcase classname="tests.test_iter16_plugin_config.TestAnprConfig" name="test_cameras_list" time="0.114" /><testcase classname="tests.test_iter16_plugin_config.TestTracking" name="test_get_defaults" time="0.099" /><testcase classname="tests.test_iter16_plugin_config.TestTracking" name="test_put_clamps_bounds" time="0.197" /><testcase classname="tests.test_iter16_plugin_config.TestTracking" name="test_put_admin_only" time="0.102" /><testcase classname="tests.test_iter16_plugin_config.TestFaceRecognition" name="test_config_roundtrip" time="0.237" /><testcase classname="tests.test_iter16_plugin_config.TestFaceRecognition" name="test_faces_crud" time="0.619" /><testcase classname="tests.test_iter16_plugin_config.TestParking" name="test_crud" time="0.590" /><testcase classname="tests.test_iter16_plugin_config.TestAccessControl" name="test_crud_and_tcp_test" time="0.397" /><testcase classname="tests.test_iter16_plugin_config.TestSensors" name="test_crud[thermal]" time="0.290" /><testcase classname="tests.test_iter16_plugin_config.TestSensors" name="test_crud[radar]" time="0.373" /><testcase classname="tests.test_iter16_plugin_config.TestSensors" name="test_crud[drone]" time="0.328" /><testcase classname="tests.test_iter16_plugin_config.TestSnapshotHelper" name="test_requires_auth" time="0.091" /><testcase classname="tests.test_iter16_plugin_config.TestSnapshotHelper" name="test_returns_jpeg_or_404" time="0.809" /><testcase classname="tests.test_iter16_plugin_config.TestStorage" name="test_overview" time="0.094" /><testcase classname="tests.test_iter16_plugin_config.TestStorage" name="test_pool_admin_only" time="0.092" /><testcase classname="tests.test_iter16_plugin_config.TestStorage" name="test_pool_crud_and_assignment" time="0.097"><failure message="AssertionError: {&quot;detail&quot;:&quot;Un pool existe déjà pour ce chemin&quot;}&#10;assert 400 == 200&#10; +  where 400 = &lt;Response [400]&gt;.status_code">E   AssertionError: {"detail":"Un pool existe déjà pour ce chemin"}
    assert 400 == 200
     +  where 400 = &lt;Response [400]&gt;.status_code</failure></testcase><testcase classname="tests.test_iter16_plugin_config.TestPluginsHealth" name="test_list_plugins" time="0.103" /></testsuite></testsuites>