<?xml version="1.0" encoding="utf-8"?><testsuites name="pytest tests"><testsuite name="pytest" errors="0" failures="1" skipped="0" tests="15" time="30.222" timestamp="2026-07-22T16:04:00.304434+00:00" hostname="agent-env-5c399895-0b94-4521-a942-c8243d181cc9"><testcase classname="tests.test_iter20_rtsp_debug.TestMaskUrlPassword" name="test_masks_password" time="0.309" /><testcase classname="tests.test_iter20_rtsp_debug.TestBuildRtspUrl" name="test_encode_special_chars_once" time="0.328" /><testcase classname="tests.test_iter20_rtsp_debug.TestMaskUrlPassword" name="test_no_creds_no_change" time="0.000" /><testcase classname="tests.test_iter20_rtsp_debug.TestMaskUrlPassword" name="test_masks_encoded_password" time="0.000" /><testcase classname="tests.test_iter20_rtsp_debug.TestTryFfprobeVariants" name="test_returns_3_tuple_with_attempts_on_unreachable" time="0.003" /><testcase classname="tests.test_iter20_rtsp_debug.TestTryFfprobeVariants" name="test_order_tcp_first_then_udp" time="0.003" /><testcase classname="tests.test_iter20_rtsp_debug.TestTryFfprobeVariants" name="test_order_h264_before_h265_within_transport" time="0.003" /><testcase classname="tests.test_iter20_rtsp_debug.TestBuildRtspUrl" name="test_preserves_url_with_existing_creds" time="0.000" /><testcase classname="tests.test_iter20_rtsp_debug.TestBuildRtspUrl" name="test_applies_transport" time="0.000" /><testcase classname="tests.test_iter20_rtsp_debug.TestConnectivityEndpoint" name="test_returns_new_fields_on_failure" time="3.933" /><testcase classname="tests.test_iter20_rtsp_debug.TestRegressions" name="test_diagnostic_returns_rtsp_url_masked" time="0.898" /><testcase classname="tests.test_iter20_rtsp_debug.TestRegressions" name="test_live_mjpeg_demo_cam_gt_10kb_in_3s" time="4.239"><failure message="AssertionError: Attendu &gt; 10 kB en 3s, reçu 26 bytes&#10;assert 26 &gt; 10240">backend/tests/test_iter20_rtsp_debug.py:279: in test_live_mjpeg_demo_cam_gt_10kb_in_3s
    assert total &gt; 10_240, f"Attendu &gt; 10 kB en 3s, reçu {total} bytes"
E   AssertionError: Attendu &gt; 10 kB en 3s, reçu 26 bytes
E   assert 26 &gt; 10240</failure></testcase><testcase classname="tests.test_iter20_rtsp_debug.TestConnectivityEndpoint" name="test_password_never_leaked_in_response" time="3.180" /><testcase classname="tests.test_iter20_rtsp_debug.TestCameraCreationValidation" name="test_reject_creation_without_rtsp_validation" time="24.281" /><testcase classname="tests.test_iter20_rtsp_debug.TestConnectivityEndpoint" name="test_debug_attempts_ordering" time="3.115" /></testsuite></testsuites>