<?xml version="1.0" encoding="utf-8"?><testsuites name="pytest tests"><testsuite name="pytest" errors="0" failures="0" skipped="0" tests="11" time="13.804" timestamp="2026-07-22T12:18:16.805741+00:00" hostname="agent-env-5c399895-0b94-4521-a942-c8243d181cc9"><testcase classname="tests.test_iter18_finalisation" name="test_live_mjpeg_boundary_and_bytes[demo-cam-001]" time="5.296" /><testcase classname="tests.test_iter18_finalisation" name="test_live_mjpeg_boundary_and_bytes[demo-cam-002]" time="3.561" /><testcase classname="tests.test_iter18_finalisation" name="test_frame_jpeg_returns_jpeg[demo-cam-001]" time="0.240" /><testcase classname="tests.test_iter18_finalisation" name="test_frame_jpeg_returns_jpeg[demo-cam-002]" time="0.996" /><testcase classname="tests.test_iter18_finalisation" name="test_create_camera_with_new_fields" time="0.853" /><testcase classname="tests.test_iter18_finalisation" name="test_camera_diagnostic_structure[demo-cam-001]" time="0.122" /><testcase classname="tests.test_iter18_finalisation" name="test_camera_diagnostic_structure[demo-cam-002]" time="0.123" /><testcase classname="tests.test_iter18_finalisation" name="test_rtsp_url_has_transport_fragment" time="0.447" /><testcase classname="tests.test_iter18_finalisation" name="test_regression_plugins" time="1.855" /><testcase classname="tests.test_iter18_finalisation" name="test_regression_storage_overview" time="0.118" /><testcase classname="tests.test_iter18_finalisation" name="test_regression_anpr_config" time="0.109" /></testsuite></testsuites>