<?xml version="1.0" encoding="utf-8"?><testsuites name="pytest tests"><testsuite name="pytest" errors="0" failures="1" skipped="0" tests="10" time="124.453" timestamp="2026-07-24T15:41:05.889661+00:00" hostname="agent-env-5c399895-0b94-4521-a942-c8243d181cc9"><testcase classname="tests.test_iter29_probe_and_bugs" name="test_demo_cameras_online" time="0.901" /><testcase classname="tests.test_iter29_probe_and_bugs" name="test_demo_cameras_stable_over_two_probes" time="65.256" /><testcase classname="tests.test_iter29_probe_and_bugs" name="test_pipeline_no_cuda" time="0.112" /><testcase classname="tests.test_iter29_probe_and_bugs" name="test_onvif_discover_hint" time="4.121" /><testcase classname="tests.test_iter29_probe_and_bugs" name="test_connectivity_rtsp_go2rtc_relay" time="2.702" /><testcase classname="tests.test_iter29_probe_and_bugs" name="test_connectivity_onvif_error_detail" time="0.203" /><testcase classname="tests.test_iter29_probe_and_bugs" name="test_mjpeg_live_stream" time="3.903" /><testcase classname="tests.test_iter29_probe_and_bugs" name="test_frame_jpeg_hd" time="1.906" /><testcase classname="tests.test_iter29_probe_and_bugs" name="test_create_real_camera_probe_online" time="45.059"><failure message="AssertionError: no status_probe_ok entries in lifecycle: [{'ts': '2026-07-24T15:42:28.968757+00:00', 'action': 'registering', 'reason': 'force=False', 'caller': 'POST /api/cameras user=admin@mg-vms.com', 'extra': {'rtsp_url_masked': 'rtsp://127.0.0.1:8554/cam_demo-cam-001'}}, {'ts': '2026-07-24T15:42:29.373868+00:00', 'action': 'created', 'reason': '3 variants PUT to go2rtc', 'caller': 'POST /api/cameras user=admin@mg-vms.com', 'extra': {'streams': ['cam_bc9164ae-326e-463d-b0c7-c794cdde7164', 'cam_bc9164ae-326e-463d-b0c7-c794cdde7164_hd', 'cam_bc9164ae-326e-463d-b0c7-c794cdde7164_sd']}}, {'ts': '2026-07-24T15:43:01.391187+00:00', 'action': 'status_probe_ok', 'reason': 'producteur actif ou caméra joignable (probe non-invasif)', 'caller': 'camera_status_loop'}, {'ts': '2026-07-24T15:43:01.393267+00:00', 'action': 'status_online_restored', 'reason': 'probe OK after N failures', 'caller': 'camera_status_loop'}]&#10;assert []">tests/test_iter29_probe_and_bugs.py:192: in test_create_real_camera_probe_online
    assert probe_ok, f"no status_probe_ok entries in lifecycle: {events[:5]}"
E   AssertionError: no status_probe_ok entries in lifecycle: [{'ts': '2026-07-24T15:42:28.968757+00:00', 'action': 'registering', 'reason': 'force=False', 'caller': 'POST /api/cameras user=admin@mg-vms.com', 'extra': {'rtsp_url_masked': 'rtsp://127.0.0.1:8554/cam_demo-cam-001'}}, {'ts': '2026-07-24T15:42:29.373868+00:00', 'action': 'created', 'reason': '3 variants PUT to go2rtc', 'caller': 'POST /api/cameras user=admin@mg-vms.com', 'extra': {'streams': ['cam_bc9164ae-326e-463d-b0c7-c794cdde7164', 'cam_bc9164ae-326e-463d-b0c7-c794cdde7164_hd', 'cam_bc9164ae-326e-463d-b0c7-c794cdde7164_sd']}}, {'ts': '2026-07-24T15:43:01.391187+00:00', 'action': 'status_probe_ok', 'reason': 'producteur actif ou caméra joignable (probe non-invasif)', 'caller': 'camera_status_loop'}, {'ts': '2026-07-24T15:43:01.393267+00:00', 'action': 'status_online_restored', 'reason': 'probe OK after N failures', 'caller': 'camera_status_loop'}]
E   assert []</failure></testcase><testcase classname="tests.test_iter29_probe_and_bugs" name="test_ai_generates_events" time="0.167" /></testsuite></testsuites>