<?xml version="1.0" encoding="utf-8"?><testsuites name="pytest tests"><testsuite name="pytest" errors="0" failures="0" skipped="0" tests="11" time="7.801" timestamp="2026-07-22T16:39:49.143200+00:00" hostname="agent-env-5c399895-0b94-4521-a942-c8243d181cc9"><testcase classname="tests.test_iter22_face_recognition" name="test_availability" time="0.518" /><testcase classname="tests.test_iter22_face_recognition" name="test_add_face_no_photo" time="0.131" /><testcase classname="tests.test_iter22_face_recognition" name="test_list_faces_excludes_encoding" time="0.103" /><testcase classname="tests.test_iter22_face_recognition" name="test_upload_non_image_400" time="0.255" /><testcase classname="tests.test_iter22_face_recognition" name="test_upload_no_face_400" time="0.973" /><testcase classname="tests.test_iter22_face_recognition" name="test_upload_too_large_400" time="0.870" /><testcase classname="tests.test_iter22_face_recognition" name="test_upload_real_face_success" time="1.151" /><testcase classname="tests.test_iter22_face_recognition" name="test_config_enable_and_healthy" time="0.275" /><testcase classname="tests.test_iter22_face_recognition" name="test_plugins_regression_count" time="0.129" /><testcase classname="tests.test_iter22_face_recognition" name="test_delete_face" time="0.377" /><testcase classname="tests.test_iter22_face_recognition" name="test_engine_module_direct" time="2.958" /></testsuite></testsuites>