<?xml version="1.0" encoding="utf-8"?><testsuites name="pytest tests"><testsuite name="pytest" errors="0" failures="0" skipped="0" tests="7" time="1.849" timestamp="2026-07-03T22:09:43.479403+00:00" hostname="agent-env-5c399895-0b94-4521-a942-c8243d181cc9"><testcase classname="tests.test_iter13_events" name="test_events_list_structure" time="0.694" /><testcase classname="tests.test_iter13_events" name="test_events_voiture_has_vehicle_color" time="0.117" /><testcase classname="tests.test_iter13_events" name="test_events_mouvement_has_motion_pct" time="0.160" /><testcase classname="tests.test_iter13_events" name="test_timeline_correlation" time="0.149" /><testcase classname="tests.test_iter13_events" name="test_plates_structure" time="0.147" /><testcase classname="tests.test_iter13_events" name="test_live_cameras_regression" time="0.105" /><testcase classname="tests.test_iter13_events" name="test_dashboard_regression" time="0.137" /></testsuite></testsuites>