<?xml version="1.0" encoding="utf-8"?><testsuites name="pytest tests"><testsuite name="pytest" errors="0" failures="0" skipped="0" tests="20" time="6.493" timestamp="2026-07-22T18:49:52.235699+00:00" hostname="agent-env-5c399895-0b94-4521-a942-c8243d181cc9"><testcase classname="tests.test_iter23_anpr_csv" name="test_import_watchlist_with_headers" time="1.022" /><testcase classname="tests.test_iter23_anpr_csv" name="test_import_plate_only_with_default" time="0.441" /><testcase classname="tests.test_iter23_anpr_csv" name="test_import_with_utf8_bom" time="0.271" /><testcase classname="tests.test_iter23_anpr_csv" name="test_import_with_invalid_list_type" time="0.637" /><testcase classname="tests.test_iter23_anpr_csv" name="test_import_empty_csv_returns_400" time="0.115" /><testcase classname="tests.test_iter23_anpr_csv" name="test_import_all_invalid_returns_400" time="0.105" /><testcase classname="tests.test_iter23_anpr_csv" name="test_import_non_csv_extension_returns_400" time="0.121" /><testcase classname="tests.test_iter23_anpr_csv" name="test_import_too_large_returns_400" time="0.436" /><testcase classname="tests.test_iter23_anpr_csv" name="test_upsert_reimport_increments_updated" time="0.296" /><testcase classname="tests.test_iter23_anpr_csv" name="test_export_watchlist_via_bearer" time="0.123" /><testcase classname="tests.test_iter23_anpr_csv" name="test_export_watchlist_via_query_token" time="0.115" /><testcase classname="tests.test_iter23_anpr_csv" name="test_get_without_auth_but_with_token_query" time="0.100" /><testcase classname="tests.test_iter23_anpr_csv" name="test_camera_whitelist_import_merge" time="0.605" /><testcase classname="tests.test_iter23_anpr_csv" name="test_camera_blacklist_import" time="0.378" /><testcase classname="tests.test_iter23_anpr_csv" name="test_camera_list_export_whitelist" time="0.211" /><testcase classname="tests.test_iter23_anpr_csv" name="test_camera_list_export_invalid_target" time="0.107" /><testcase classname="tests.test_iter23_anpr_csv" name="test_camera_list_import_invalid_target" time="0.183" /><testcase classname="tests.test_iter23_anpr_csv" name="test_cleanup_camera_local_lists" time="0.281" /><testcase classname="tests.test_iter23_anpr_csv" name="test_regression_anpr_config_get" time="0.115" /><testcase classname="tests.test_iter23_anpr_csv" name="test_regression_anpr_cameras_list" time="0.736" /></testsuite></testsuites>