<?xml version="1.0" encoding="utf-8"?><testsuites name="pytest tests"><testsuite name="pytest" errors="0" failures="0" skipped="0" tests="7" time="18.063" timestamp="2026-08-07T22:15:39.168385+00:00" hostname="agent-env-5c399895-0b94-4521-a942-c8243d181cc9"><testcase classname="tests.test_iter41_events_fusion_and_ocr" name="test_plugins_bus_lazy_states" time="0.530" /><testcase classname="tests.test_iter41_events_fusion_and_ocr" name="test_anpr_benchmark_multi_engine" time="6.416" /><testcase classname="tests.test_iter41_events_fusion_and_ocr" name="test_events_multi_type_filter" time="0.178" /><testcase classname="tests.test_iter41_events_fusion_and_ocr" name="test_smart_search_full_fiches" time="2.820" /><testcase classname="tests.test_iter41_events_fusion_and_ocr" name="test_smart_search_camera_hint" time="4.395" /><testcase classname="tests.test_iter41_events_fusion_and_ocr" name="test_event_reanalyze" time="0.762" /><testcase classname="tests.test_iter41_events_fusion_and_ocr" name="test_easyocr_install_deps" time="2.883" /></testsuite></testsuites>