<?xml version="1.0" encoding="utf-8"?><testsuites name="pytest tests"><testsuite name="pytest" errors="0" failures="1" skipped="0" tests="12" time="3.863" timestamp="2026-06-29T08:47:25.517957+00:00" hostname="agent-env-5c399895-0b94-4521-a942-c8243d181cc9"><testcase classname="tests.test_network" name="test_network_stats" time="0.557" /><testcase classname="tests.test_network" name="test_network_topology" time="0.131" /><testcase classname="tests.test_network" name="test_list_equipment" time="0.093" /><testcase classname="tests.test_network" name="test_list_equipment_filter_type" time="0.091" /><testcase classname="tests.test_network" name="test_create_get_update_delete_equipment" time="1.087" /><testcase classname="tests.test_network" name="test_viewer_cannot_create" time="0.442" /><testcase classname="tests.test_network" name="test_ping_equipment" time="0.200" /><testcase classname="tests.test_network" name="test_ping_404" time="0.095" /><testcase classname="tests.test_network" name="test_poll_all_tech" time="0.106" /><testcase classname="tests.test_network" name="test_poll_viewer_denied" time="0.129" /><testcase classname="tests.test_network" name="test_viewer_site_scope" time="0.281" /><testcase classname="tests.test_network" name="test_recordings_timeline" time="0.089"><failure message="assert 422 == 200&#10; +  where 422 = &lt;Response [422]&gt;.status_code">backend/tests/test_network.py:194: in test_recordings_timeline
    assert r.status_code == 200
E   assert 422 == 200
E    +  where 422 = &lt;Response [422]&gt;.status_code</failure></testcase></testsuite></testsuites>