<?xml version="1.0" encoding="utf-8"?><testsuites name="pytest tests"><testsuite name="pytest" errors="0" failures="0" skipped="0" tests="20" time="4.450" timestamp="2026-06-28T23:51:13.278498+00:00" hostname="agent-env-5c399895-0b94-4521-a942-c8243d181cc9"><testcase classname="tests.test_notifications.TestSendTest" name="test_test_invalid_channel" time="2.286" /><testcase classname="tests.test_notifications.TestSettingsGet" name="test_admin_get_settings_masked" time="2.379" /><testcase classname="tests.test_notifications.TestSendTest" name="test_test_smtp_executes_real_send_path" time="0.206" /><testcase classname="tests.test_notifications.TestSettingsGet" name="test_tech_get_allowed" time="0.130" /><testcase classname="tests.test_notifications.TestSendTest" name="test_test_discord_executes_real_send_path" time="0.299" /><testcase classname="tests.test_notifications.TestSettingsGet" name="test_client_get_forbidden" time="0.143" /><testcase classname="tests.test_notifications.TestSettingsGet" name="test_viewer_get_forbidden" time="0.134" /><testcase classname="tests.test_notifications.TestSettingsPut" name="test_tech_put_forbidden" time="0.099" /><testcase classname="tests.test_notifications.TestSendTest" name="test_test_telegram_executes_real_send_path" time="0.577" /><testcase classname="tests.test_notifications.TestSettingsPut" name="test_client_put_forbidden" time="0.107" /><testcase classname="tests.test_notifications.TestSettingsPut" name="test_viewer_put_forbidden" time="0.095" /><testcase classname="tests.test_notifications.TestSettingsPut" name="test_admin_put_with_secrets_then_empty_preserves" time="0.406" /><testcase classname="tests.test_notifications.TestSendTest" name="test_test_tech_allowed" time="0.211" /><testcase classname="tests.test_notifications.TestAlertDispatch" name="test_critical_alert_dispatched_true" time="0.137" /><testcase classname="tests.test_notifications.TestSendTest" name="test_test_client_forbidden" time="0.097" /><testcase classname="tests.test_notifications.TestAlertDispatch" name="test_warning_alert_dispatched_false" time="0.119" /><testcase classname="tests.test_notifications.TestSendTest" name="test_test_viewer_forbidden" time="0.104" /><testcase classname="tests.test_notifications.TestAlertDispatch" name="test_alert_create_client_forbidden" time="0.096" /><testcase classname="tests.test_notifications.TestCleanup" name="test_zzz_reset_notifications_config" time="0.098" /><testcase classname="tests.test_notifications.TestAlertDispatch" name="test_alert_create_viewer_forbidden" time="0.095" /></testsuite></testsuites>