<?xml version="1.0" encoding="utf-8"?><testsuites name="pytest tests"><testsuite name="pytest" errors="0" failures="0" skipped="0" tests="22" time="5.469" timestamp="2026-06-29T22:25:23.578722+00:00" hostname="agent-env-5c399895-0b94-4521-a942-c8243d181cc9"><testcase classname="tests.test_permissions.TestAuthMePermissions" name="test_admin_me_all_true" time="0.517" /><testcase classname="tests.test_permissions.TestAuthMePermissions" name="test_tech_me_all_true" time="0.445" /><testcase classname="tests.test_permissions.TestAuthMePermissions" name="test_perm_user_only_view_live" time="0.493" /><testcase classname="tests.test_permissions.TestUsersRBAC" name="test_tech_cannot_create" time="0.112" /><testcase classname="tests.test_permissions.TestUsersRBAC" name="test_viewer_cannot_create" time="0.515" /><testcase classname="tests.test_permissions.TestUsersRBAC" name="test_perm_cannot_list" time="0.113" /><testcase classname="tests.test_permissions.TestUserPermissionsCRUD" name="test_create_user_with_permissions" time="0.321" /><testcase classname="tests.test_permissions.TestUserPermissionsCRUD" name="test_login_new_user_reflects_perms" time="0.481" /><testcase classname="tests.test_permissions.TestUserPermissionsCRUD" name="test_update_user_permissions" time="0.555" /><testcase classname="tests.test_permissions.TestUserPermissionsCRUD" name="test_delete_test_user" time="0.137" /><testcase classname="tests.test_permissions.TestEnforcement" name="test_plates_forbidden" time="0.102" /><testcase classname="tests.test_permissions.TestEnforcement" name="test_timeline_forbidden" time="0.202" /><testcase classname="tests.test_permissions.TestEnforcement" name="test_ptz_forbidden" time="0.105" /><testcase classname="tests.test_permissions.TestEnforcement" name="test_export_recording_forbidden" time="0.097" /><testcase classname="tests.test_permissions.TestEnforcement" name="test_plates_export_forbidden" time="0.103" /><testcase classname="tests.test_permissions.TestEnforcement" name="test_anpr_detect_forbidden" time="0.102" /><testcase classname="tests.test_permissions.TestStreamQuality" name="test_perm_user_gets_sd" time="0.304" /><testcase classname="tests.test_permissions.TestStreamQuality" name="test_admin_gets_hd" time="0.099" /><testcase classname="tests.test_permissions.TestAdminBypass" name="test_admin_plates" time="0.099" /><testcase classname="tests.test_permissions.TestAdminBypass" name="test_tech_plates" time="0.107" /><testcase classname="tests.test_permissions.TestAdminBypass" name="test_admin_timeline" time="0.261" /><testcase classname="tests.test_permissions.TestAdminBypass" name="test_tech_timeline" time="0.102" /></testsuite></testsuites>