<?xml version="1.0" encoding="utf-8"?><testsuites name="pytest tests"><testsuite name="pytest" errors="0" failures="0" skipped="0" tests="11" time="0.883" timestamp="2026-08-04T09:56:46.949364+00:00" hostname="agent-env-5c399895-0b94-4521-a942-c8243d181cc9"><testcase classname="tests.test_pipeline_realtime.TestPipelineArchitecture" name="test_process_camera_is_async" time="0.423" /><testcase classname="tests.test_pipeline_realtime.TestPipelineMetrics" name="test_record_stage_all_stages" time="0.000" /><testcase classname="tests.test_pipeline_realtime.TestPipelineMetrics" name="test_record_stage_unknown_ignored" time="0.021" /><testcase classname="tests.test_pipeline_realtime.TestPipelineMetrics" name="test_fps_computed_from_realtime_stage" time="0.000" /><testcase classname="tests.test_pipeline_realtime.TestPipelineMetrics" name="test_drops_tracked" time="0.000" /><testcase classname="tests.test_pipeline_realtime.TestPipelineMetrics" name="test_p95_requires_5_samples" time="0.000" /><testcase classname="tests.test_pipeline_realtime.TestPipelineMetrics" name="test_multi_camera_isolation" time="0.000" /><testcase classname="tests.test_pipeline_realtime.TestPipelineMetrics" name="test_window_limit" time="0.001" /><testcase classname="tests.test_pipeline_realtime.TestByteTrackDefaults" name="test_bytetrack_config_defaults" time="0.343" /><testcase classname="tests.test_pipeline_realtime.TestPipelineArchitecture" name="test_downstream_uses_create_task_pattern" time="0.003" /><testcase classname="tests.test_pipeline_realtime.TestPipelineArchitecture" name="test_backpressure_guard_exists" time="0.000" /></testsuite></testsuites>