<?xml version="1.0" encoding="utf-8"?><testsuites name="pytest tests"><testsuite name="pytest" errors="0" failures="0" skipped="0" tests="9" time="2.019" timestamp="2026-08-04T09:57:34.361825+00:00" hostname="agent-env-5c399895-0b94-4521-a942-c8243d181cc9"><testcase classname="tests.test_pipeline_realtime_http.TestAuth" name="test_login_success" time="0.494" /><testcase classname="tests.test_pipeline_realtime_http.TestAuth" name="test_login_wrong_password" time="0.336" /><testcase classname="tests.test_pipeline_realtime_http.TestPipelineMetricsEndpoint" name="test_requires_auth" time="0.126" /><testcase classname="tests.test_pipeline_realtime_http.TestPipelineMetricsEndpoint" name="test_returns_structure" time="0.133" /><testcase classname="tests.test_pipeline_realtime_http.TestByteTrackConfig" name="test_get_returns_defaults" time="0.128" /><testcase classname="tests.test_pipeline_realtime_http.TestByteTrackConfig" name="test_put_and_reread" time="0.218" /><testcase classname="tests.test_pipeline_realtime_http.TestByteTrackConfig" name="test_put_clamps_out_of_bounds" time="0.112" /><testcase classname="tests.test_pipeline_realtime_http.TestByteTrackConfig" name="test_restore_defaults" time="0.098" /><testcase classname="tests.test_pipeline_realtime_http.TestPipelineArchitectureIntrospection" name="test_process_camera_uses_create_task" time="0.297" /></testsuite></testsuites>