<?xml version="1.0" encoding="utf-8"?><testsuites name="pytest tests"><testsuite name="pytest" errors="0" failures="0" skipped="0" tests="30" time="11.247" timestamp="2026-06-29T01:48:18.944397+00:00" hostname="agent-env-5c399895-0b94-4521-a942-c8243d181cc9"><testcase classname="tests.backend_test.TestAuth" name="test_root" time="0.177" /><testcase classname="tests.backend_test.TestAuth" name="test_login_admin" time="0.332" /><testcase classname="tests.backend_test.TestAuth" name="test_login_wrong_password" time="0.328" /><testcase classname="tests.backend_test.TestAuth" name="test_me" time="1.400" /><testcase classname="tests.backend_test.TestAuth" name="test_me_no_token" time="0.100" /><testcase classname="tests.backend_test.TestRBAC" name="test_readonly_blocked_create_site" time="0.106" /><testcase classname="tests.backend_test.TestRBAC" name="test_readonly_blocked_create_camera" time="0.101" /><testcase classname="tests.backend_test.TestRBAC" name="test_readonly_blocked_list_users" time="0.093" /><testcase classname="tests.backend_test.TestRBAC" name="test_admin_can_list_users" time="0.100" /><testcase classname="tests.backend_test.TestRBAC" name="test_tech_blocked_delete_site" time="0.206" /><testcase classname="tests.backend_test.TestDashboard" name="test_stats" time="0.098" /><testcase classname="tests.backend_test.TestDashboard" name="test_timeseries" time="0.102" /><testcase classname="tests.backend_test.TestSites" name="test_list_sites" time="0.094" /><testcase classname="tests.backend_test.TestSites" name="test_site_crud" time="0.306" /><testcase classname="tests.backend_test.TestCameras" name="test_list_cameras" time="0.101" /><testcase classname="tests.backend_test.TestCameras" name="test_camera_crud_and_test_snapshot" time="0.618" /><testcase classname="tests.backend_test.TestANPR" name="test_list_plates" time="0.103" /><testcase classname="tests.backend_test.TestANPR" name="test_plate_filters" time="0.208" /><testcase classname="tests.backend_test.TestANPR" name="test_export_csv" time="0.099" /><testcase classname="tests.backend_test.TestWatchlist" name="test_watchlist_crud" time="0.313" /><testcase classname="tests.backend_test.TestWatchlist" name="test_watchlist_readonly_blocked" time="0.108" /><testcase classname="tests.backend_test.TestAlerts" name="test_list_alerts" time="0.156" /><testcase classname="tests.backend_test.TestAlerts" name="test_ack_alert" time="0.194" /><testcase classname="tests.backend_test.TestAlerts" name="test_ack_readonly_blocked" time="0.104" /><testcase classname="tests.backend_test.TestAudit" name="test_audit_tech_plus" time="0.111" /><testcase classname="tests.backend_test.TestAudit" name="test_audit_client_blocked" time="0.098" /><testcase classname="tests.backend_test.TestUsers" name="test_user_lifecycle" time="0.529" /><testcase classname="tests.backend_test.TestUsers" name="test_cannot_delete_self" time="0.212" /><testcase classname="tests.backend_test.TestTwoFA" name="test_2fa_setup_and_verify" time="0.618" /><testcase classname="tests.backend_test.TestAI" name="test_ai_analyze_plate" time="4.052" /></testsuite></testsuites>