<?xml version="1.0" encoding="utf-8"?><testsuites name="pytest tests"><testsuite name="pytest" errors="0" failures="3" skipped="0" tests="30" time="10.338" timestamp="2026-06-29T07:06:01.239335+00:00" hostname="agent-env-5c399895-0b94-4521-a942-c8243d181cc9"><testcase classname="tests.backend_test.TestAuth" name="test_root" time="0.421" /><testcase classname="tests.backend_test.TestAuth" name="test_login_admin" time="0.579" /><testcase classname="tests.backend_test.TestAuth" name="test_login_wrong_password" time="0.732" /><testcase classname="tests.backend_test.TestRBAC" name="test_readonly_blocked_create_site" time="2.059" /><testcase classname="tests.backend_test.TestRBAC" name="test_readonly_blocked_create_camera" time="0.100" /><testcase classname="tests.backend_test.TestRBAC" name="test_readonly_blocked_list_users" time="0.248" /><testcase classname="tests.backend_test.TestRBAC" name="test_admin_can_list_users" time="0.097" /><testcase classname="tests.backend_test.TestRBAC" name="test_tech_blocked_delete_site" time="0.551" /><testcase classname="tests.backend_test.TestAuth" name="test_me" time="1.416" /><testcase classname="tests.backend_test.TestAlerts" name="test_list_alerts" time="0.091" /><testcase classname="tests.backend_test.TestAlerts" name="test_ack_alert" time="0.193" /><testcase classname="tests.backend_test.TestAuth" name="test_me_no_token" time="0.092" /><testcase classname="tests.backend_test.TestANPR" name="test_list_plates" time="0.101" /><testcase classname="tests.backend_test.TestAlerts" name="test_ack_readonly_blocked" time="0.092" /><testcase classname="tests.backend_test.TestANPR" name="test_plate_filters" time="0.197"><failure message="assert False&#10; +  where False = all(&lt;generator object TestANPR.test_plate_filters.&lt;locals&gt;.&lt;genexpr&gt; at 0xfbf9c41e9c40&gt;)">E   assert False
     +  where False = all(&lt;generator object TestANPR.test_plate_filters.&lt;locals&gt;.&lt;genexpr&gt; at 0xfbf9c41e9c40&gt;)</failure></testcase><testcase classname="tests.backend_test.TestDashboard" name="test_stats" time="0.105" /><testcase classname="tests.backend_test.TestDashboard" name="test_timeseries" time="0.100" /><testcase classname="tests.backend_test.TestANPR" name="test_export_csv" time="0.100" /><testcase classname="tests.backend_test.TestCameras" name="test_list_cameras" time="5.265" /><testcase classname="tests.backend_test.TestSites" name="test_list_sites" time="0.103" /><testcase classname="tests.backend_test.TestSites" name="test_site_crud" time="0.300" /><testcase classname="tests.backend_test.TestAudit" name="test_audit_tech_plus" time="0.090" /><testcase classname="tests.backend_test.TestAudit" name="test_audit_client_blocked" time="0.098" /><testcase classname="tests.backend_test.TestUsers" name="test_user_lifecycle" time="0.508" /><testcase classname="tests.backend_test.TestUsers" name="test_cannot_delete_self" time="0.195" /><testcase classname="tests.backend_test.TestTwoFA" name="test_2fa_setup_and_verify" time="0.094"><failure message="AssertionError: login failed for client: 429 {&quot;detail&quot;:&quot;Trop de requêtes. Réessayez dans quelques instants.&quot;}&#10;assert 429 == 200&#10; +  where 429 = &lt;Response [429]&gt;.status_code">E   AssertionError: login failed for client: 429 {"detail":"Trop de requêtes. Réessayez dans quelques instants."}
    assert 429 == 200
     +  where 429 = &lt;Response [429]&gt;.status_code</failure></testcase><testcase classname="tests.backend_test.TestAI" name="test_ai_analyze_plate" time="0.113"><failure message="AssertionError: login failed for admin: 429 {&quot;detail&quot;:&quot;Trop de requêtes. Réessayez dans quelques instants.&quot;}&#10;assert 429 == 200&#10; +  where 429 = &lt;Response [429]&gt;.status_code">E   AssertionError: login failed for admin: 429 {"detail":"Trop de requêtes. Réessayez dans quelques instants."}
    assert 429 == 200
     +  where 429 = &lt;Response [429]&gt;.status_code</failure></testcase><testcase classname="tests.backend_test.TestCameras" name="test_camera_crud_and_test_snapshot" time="0.565" /><testcase classname="tests.backend_test.TestWatchlist" name="test_watchlist_crud" time="0.291" /><testcase classname="tests.backend_test.TestWatchlist" name="test_watchlist_readonly_blocked" time="0.105" /></testsuite></testsuites>