<?xml version="1.0" encoding="utf-8"?><testsuites name="pytest tests"><testsuite name="pytest" errors="0" failures="1" skipped="0" tests="25" time="7.460" timestamp="2026-06-29T21:38:05.062368+00:00" hostname="agent-env-5c399895-0b94-4521-a942-c8243d181cc9"><testcase classname="tests.test_reports_sprint.TestReportTypes" name="test_types_returns_4_known" time="0.662" /><testcase classname="tests.test_reports_sprint.TestReportTypes" name="test_types_forbidden_for_viewer" time="0.476" /><testcase classname="tests.test_reports_sprint.TestGenerate" name="test_csv[plates]" time="0.140" /><testcase classname="tests.test_reports_sprint.TestGenerate" name="test_csv[events]" time="0.125" /><testcase classname="tests.test_reports_sprint.TestGenerate" name="test_csv[alerts]" time="0.129" /><testcase classname="tests.test_reports_sprint.TestGenerate" name="test_csv[equipment]" time="0.114" /><testcase classname="tests.test_reports_sprint.TestGenerate" name="test_xlsx[plates]" time="0.416" /><testcase classname="tests.test_reports_sprint.TestGenerate" name="test_xlsx[events]" time="0.127" /><testcase classname="tests.test_reports_sprint.TestGenerate" name="test_xlsx[alerts]" time="0.117" /><testcase classname="tests.test_reports_sprint.TestGenerate" name="test_xlsx[equipment]" time="0.127" /><testcase classname="tests.test_reports_sprint.TestGenerate" name="test_pdf[plates]" time="0.192" /><testcase classname="tests.test_reports_sprint.TestGenerate" name="test_pdf[events]" time="0.122" /><testcase classname="tests.test_reports_sprint.TestGenerate" name="test_pdf[alerts]" time="0.113" /><testcase classname="tests.test_reports_sprint.TestGenerate" name="test_pdf[equipment]" time="0.108" /><testcase classname="tests.test_reports_sprint.TestFilters" name="test_unknown_type_404" time="0.149" /><testcase classname="tests.test_reports_sprint.TestFilters" name="test_invalid_format_400" time="0.110" /><testcase classname="tests.test_reports_sprint.TestFilters" name="test_date_filter_reduces" time="0.211" /><testcase classname="tests.test_reports_sprint.TestFilters" name="test_site_filter_reduces" time="0.333" /><testcase classname="tests.test_reports_sprint.TestSecurity" name="test_viewer_forbidden_on_each_type" time="0.415" /><testcase classname="tests.test_reports_sprint.TestSecurity" name="test_unauth_401" time="0.117" /><testcase classname="tests.test_reports_sprint.TestBlacklistAlertEnriched" name="test_detect_blacklist_no_500" time="2.238" /><testcase classname="tests.test_reports_sprint.TestBlacklistAlertEnriched" name="test_detect_normal_plate_no_alert" time="0.109" /><testcase classname="tests.test_reports_sprint.TestNetworkPoll" name="test_stats_coherent" time="0.106" /><testcase classname="tests.test_reports_sprint.TestNetworkPoll" name="test_manual_poll_works" time="0.112" /><testcase classname="tests.test_reports_sprint.TestRecordingsExport" name="test_export_zip" time="0.213"><failure message="AssertionError: {&quot;detail&quot;:[{&quot;type&quot;:&quot;missing&quot;,&quot;loc&quot;:[&quot;body&quot;,&quot;start&quot;],&quot;msg&quot;:&quot;Field required&quot;,&quot;input&quot;:{&quot;camera_id&quot;:&quot;a6611733-ae50-473d-9dea-a36979bd1124&quot;,&quot;date&quot;:&quot;2025-01-15&quot;,&quot;start_sec&quot;:28800,&quot;end_sec&quot;:29100,&quot;format&quot;:&quot;z&#10;assert 422 in (200, 201)&#10; +  where 422 = &lt;Response [422]&gt;.status_code">tests/test_reports_sprint.py:235: in test_export_zip
    assert r.status_code in (200, 201), r.text[:200]
E   AssertionError: {"detail":[{"type":"missing","loc":["body","start"],"msg":"Field required","input":{"camera_id":"a6611733-ae50-473d-9dea-a36979bd1124","date":"2025-01-15","start_sec":28800,"end_sec":29100,"format":"z
E   assert 422 in (200, 201)
E    +  where 422 = &lt;Response [422]&gt;.status_code</failure></testcase></testsuite></testsuites>