<?xml version="1.0" encoding="utf-8"?><testsuites name="pytest tests"><testsuite name="pytest" errors="0" failures="0" skipped="0" tests="17" time="139.600" timestamp="2026-06-29T00:28:36.914655+00:00" hostname="agent-env-5c399895-0b94-4521-a942-c8243d181cc9"><testcase classname="tests.test_security_sprint.TestSecurityHeaders" name="test_headers_present" time="0.239" /><testcase classname="tests.test_security_sprint.TestBruteForce" name="test_lockout_after_5_failures" time="0.647" /><testcase classname="tests.test_security_sprint.TestBruteForce" name="test_correct_password_blocked_during_lockout" time="0.097" /><testcase classname="tests.test_security_sprint.TestBruteForce" name="test_cleanup_lockout" time="0.328" /><testcase classname="tests.test_security_sprint.TestZRateLimit" name="test_zzz_login_rate_limit_429" time="0.401" /><testcase classname="tests.test_security_sprint.TestPasswordReset" name="test_forgot_password_generic_response_known_email" time="65.275" /><testcase classname="tests.test_security_sprint.TestPasswordReset" name="test_forgot_password_existing_creates_token" time="2.152" /><testcase classname="tests.test_security_sprint.TestPasswordReset" name="test_reset_password_flow_and_reuse_blocked" time="1.885" /><testcase classname="tests.test_security_sprint.TestRefresh" name="test_refresh_returns_new_access_token" time="65.619" /><testcase classname="tests.test_security_sprint.TestRefresh" name="test_refresh_with_access_token_rejected" time="0.431" /><testcase classname="tests.test_security_sprint.TestSiteScope" name="test_admin_sees_all_sites" time="0.125" /><testcase classname="tests.test_security_sprint.TestSiteScope" name="test_client_sees_one_site" time="0.480" /><testcase classname="tests.test_security_sprint.TestSiteScope" name="test_viewer_sees_assigned_site" time="0.460" /><testcase classname="tests.test_security_sprint.TestSiteScope" name="test_client_cameras_scoped" time="0.317" /><testcase classname="tests.test_security_sprint.TestSiteScope" name="test_admin_can_assign_sites" time="0.757" /><testcase classname="tests.test_security_sprint.TestRBAC" name="test_client_blocked_from_users" time="0.134" /><testcase classname="tests.test_security_sprint.TestRBAC" name="test_viewer_blocked_from_users" time="0.101" /></testsuite></testsuites>