<?xml version="1.0" encoding="utf-8"?><testsuites name="pytest tests"><testsuite name="pytest" errors="0" failures="0" skipped="0" tests="14" time="6.877" timestamp="2026-06-29T07:04:32.330051+00:00" hostname="agent-env-5c399895-0b94-4521-a942-c8243d181cc9"><testcase classname="tests.test_sprint3_plugins_blacklist.TestNonRegression" name="test_login_all_roles" time="2.339" /><testcase classname="tests.test_sprint3_plugins_blacklist.TestPlugins" name="test_list_plugins_returns_10_with_anpr_core" time="0.692" /><testcase classname="tests.test_sprint3_plugins_blacklist.TestPlugins" name="test_non_admin_cannot_toggle" time="2.414" /><testcase classname="tests.test_sprint3_plugins_blacklist.TestNonRegression" name="test_client_site_scoping" time="0.417" /><testcase classname="tests.test_sprint3_plugins_blacklist.TestNonRegression" name="test_pagination_x_total_count" time="0.442" /><testcase classname="tests.test_sprint3_plugins_blacklist.TestPlugins" name="test_cannot_disable_core_anpr" time="0.139" /><testcase classname="tests.test_sprint3_plugins_blacklist.TestNonRegression" name="test_dashboard_real_metrics" time="0.091" /><testcase classname="tests.test_sprint3_plugins_blacklist.TestPlugins" name="test_toggle_non_core_persists" time="0.380" /><testcase classname="tests.test_sprint3_plugins_blacklist.TestNonRegression" name="test_alert_ack" time="0.194" /><testcase classname="tests.test_sprint3_plugins_blacklist.TestAnprDetect" name="test_detect_normal_plate" time="0.388" /><testcase classname="tests.test_sprint3_plugins_blacklist.TestPlugins" name="test_unknown_plugin_404" time="2.480" /><testcase classname="tests.test_sprint3_plugins_blacklist.TestAnprDetect" name="test_detect_blacklisted_plate_creates_critical_alert" time="1.337" /><testcase classname="tests.test_sprint3_plugins_blacklist.TestAnprDetect" name="test_detect_requires_client_role" time="0.101" /><testcase classname="tests.test_sprint3_plugins_blacklist.TestAnprWebsocket" name="test_ws_receives_alert_on_blacklist_detect" time="0.276" /></testsuite></testsuites>