<?xml version="1.0" encoding="utf-8"?><testsuites name="pytest tests"><testsuite name="pytest" errors="0" failures="0" skipped="0" tests="12" time="13.846" timestamp="2026-06-29T01:48:00.215543+00:00" hostname="agent-env-5c399895-0b94-4521-a942-c8243d181cc9"><testcase classname="tests.test_sprint2_realtime.TestRealMetrics" name="test_dashboard_stats_system_keys" time="1.151" /><testcase classname="tests.test_sprint2_realtime.TestRealMetrics" name="test_metrics_change_over_time_not_random_range" time="5.330" /><testcase classname="tests.test_sprint2_realtime.TestPagination" name="test_list_endpoints_pagination[plates]" time="0.198" /><testcase classname="tests.test_sprint2_realtime.TestPagination" name="test_list_endpoints_pagination[events]" time="0.232" /><testcase classname="tests.test_sprint2_realtime.TestPagination" name="test_list_endpoints_pagination[alerts]" time="0.225" /><testcase classname="tests.test_sprint2_realtime.TestPagination" name="test_list_endpoints_pagination[audit]" time="0.206" /><testcase classname="tests.test_sprint2_realtime.TestPagination" name="test_plates_total_count_reasonable" time="0.098" /><testcase classname="tests.test_sprint2_realtime.TestWebSocket" name="test_ws_invalid_token_closed" time="0.161" /><testcase classname="tests.test_sprint2_realtime.TestWebSocket" name="test_ws_missing_token_closed" time="0.141" /><testcase classname="tests.test_sprint2_realtime.TestWebSocket" name="test_ws_admin_first_message_metrics" time="0.204" /><testcase classname="tests.test_sprint2_realtime.TestWebSocket" name="test_ws_admin_receives_alert_broadcast" time="0.440" /><testcase classname="tests.test_sprint2_realtime.TestWebSocket" name="test_ws_site_scoping_client" time="5.379" /></testsuite></testsuites>