<?xml version="1.0" encoding="utf-8"?><testsuites name="pytest tests"><testsuite name="pytest" errors="0" failures="0" skipped="0" tests="10" time="2.823" timestamp="2026-08-04T12:20:51.785060+00:00" hostname="agent-env-5c399895-0b94-4521-a942-c8243d181cc9"><testcase classname="tests.test_v03_endpoints_http.TestLogin" name="test_admin_login_ok" time="1.267" /><testcase classname="tests.test_v03_endpoints_http.TestDiagnosticsAuthRequired" name="test_requires_auth[/api/diagnostics/anpr-tracker]" time="0.119" /><testcase classname="tests.test_v03_endpoints_http.TestDiagnosticsAuthRequired" name="test_requires_auth[/api/diagnostics/streaming-metrics]" time="0.129" /><testcase classname="tests.test_v03_endpoints_http.TestDiagnosticsAuthRequired" name="test_requires_auth[/api/diagnostics/pipeline-metrics]" time="0.119" /><testcase classname="tests.test_v03_endpoints_http.TestAnprTrackerEndpoint" name="test_snapshot_shape" time="0.122" /><testcase classname="tests.test_v03_endpoints_http.TestStreamingMetricsEndpoint" name="test_shape" time="0.132" /><testcase classname="tests.test_v03_endpoints_http.TestPipelineMetricsEndpoint" name="test_shape_no_regression" time="0.106" /><testcase classname="tests.test_v03_endpoints_http.TestPluginsBusRegression" name="test_plugins_bus_still_50" time="0.122" /><testcase classname="tests.test_v03_endpoints_http.TestPluginsBusRegression" name="test_plugins_tracking_config" time="0.115" /><testcase classname="tests.test_v03_endpoints_http.TestCameraAiRtspUrl" name="test_create_camera_with_ai_rtsp_url" time="0.518" /></testsuite></testsuites>