<?xml version="1.0" encoding="utf-8"?><testsuites name="pytest tests"><testsuite name="pytest" errors="0" failures="0" skipped="0" tests="13" time="3.515" timestamp="2026-08-04T13:05:19.368881+00:00" hostname="agent-env-5c399895-0b94-4521-a942-c8243d181cc9"><testcase classname="tests.test_v03_modular_camera_http.TestPluginsCatalogAuth" name="test_requires_auth" time="0.286" /><testcase classname="tests.test_v03_modular_camera_http.TestPluginsCatalogShape" name="test_catalog_shape_and_50_plugins" time="0.537" /><testcase classname="tests.test_v03_modular_camera_http.TestPluginsCatalogShape" name="test_group_and_plugin_structure" time="0.192" /><testcase classname="tests.test_v03_modular_camera_http.TestPluginsCatalogShape" name="test_expected_categories_present" time="0.120" /><testcase classname="tests.test_v03_modular_camera_http.TestPluginsCatalogShape" name="test_sum_of_plugins_equals_total" time="0.135" /><testcase classname="tests.test_v03_modular_camera_http.TestCameraInputModel" name="test_camera_input_has_enabled_plugins_default_empty" time="0.335" /><testcase classname="tests.test_v03_modular_camera_http.TestCameraInputModel" name="test_camera_input_accepts_plugin_list" time="0.000" /><testcase classname="tests.test_v03_modular_camera_http.TestCameraEnabledPluginsPersistence" name="test_put_enabled_plugins_persists" time="0.770" /><testcase classname="tests.test_v03_modular_camera_http.TestCameraEnabledPluginsPersistence" name="test_put_empty_enabled_plugins_ok" time="0.369" /><testcase classname="tests.test_v03_modular_camera_http.TestNonRegression" name="test_frame_source_workers" time="0.122" /><testcase classname="tests.test_v03_modular_camera_http.TestNonRegression" name="test_pipeline_metrics_alpr_ms" time="0.136" /><testcase classname="tests.test_v03_modular_camera_http.TestNonRegression" name="test_plugins_bus_still_50" time="0.137" /><testcase classname="tests.test_v03_modular_camera_http.TestNonRegression" name="test_plugins_tracking_config_enabled" time="0.292" /></testsuite></testsuites>