<?xml version="1.0" encoding="utf-8"?><testsuites name="pytest tests"><testsuite name="pytest" errors="0" failures="0" skipped="0" tests="73" time="13.658" timestamp="2026-08-06T10:37:40.382552+00:00" hostname="agent-env-5c399895-0b94-4521-a942-c8243d181cc9"><testcase classname="tests.test_v042_anpr_quality" name="test_evaluate_good_frame_gives_high_score" time="0.015" /><testcase classname="tests.test_v041_pipeline_per_camera" name="test_graph_whitelist_only_activates_listed_plugins" time="0.000" /><testcase classname="tests.test_v041_pipeline_per_camera" name="test_graph_empty_whitelist_activates_all" time="0.000" /><testcase classname="tests.test_v041_pipeline_per_camera" name="test_graph_no_matching_plugin_marks_stage_empty" time="0.000" /><testcase classname="tests.test_v041_pipeline_per_camera" name="test_graph_anpr_direct_flag_when_fast_alpr_in_whitelist" time="0.000" /><testcase classname="tests.test_v041_pipeline_per_camera" name="test_graph_cache_hit_on_same_whitelist" time="0.000" /><testcase classname="tests.test_v041_pipeline_per_camera" name="test_graph_cache_miss_on_changed_whitelist" time="0.000" /><testcase classname="tests.test_v041_pipeline_per_camera" name="test_graph_bus_version_bump_invalidates_cache" time="0.000" /><testcase classname="tests.test_v041_pipeline_per_camera" name="test_graph_invalidate_specific_camera" time="0.000" /><testcase classname="tests.test_v041_pipeline_per_camera" name="test_bus_per_camera_stats_isolation" time="0.001" /><testcase classname="tests.test_v041_pipeline_per_camera" name="test_bus_per_camera_stats_reset" time="0.000" /><testcase classname="tests.test_v041_pipeline_per_camera" name="test_bus_set_enabled_bumps_graph_registry" time="0.000" /><testcase classname="tests.test_v041_pipeline_per_camera" name="test_http_pipeline_v2_endpoint_shape" time="0.917" /><testcase classname="tests.test_v042_anpr_quality" name="test_evaluate_dark_frame_gives_low_score" time="0.001" /><testcase classname="tests.test_v042_anpr_quality" name="test_evaluate_blurry_frame_flagged" time="0.001" /><testcase classname="tests.test_v042_anpr_quality" name="test_hysteresis_suspends_after_n_bad_cycles" time="0.004" /><testcase classname="tests.test_v042_anpr_quality" name="test_hysteresis_resumes_after_m_good_cycles" time="0.005" /><testcase classname="tests.test_v042_anpr_quality" name="test_single_bad_cycle_does_not_suspend" time="0.001" /><testcase classname="tests.test_v042_anpr_quality" name="test_specialized_camera_dahua_itc_bypasses_suspension" time="0.015" /><testcase classname="tests.test_v042_anpr_quality" name="test_specialized_camera_hikvision_deepinview" time="0.001" /><testcase classname="tests.test_v042_anpr_quality" name="test_non_specialized_camera_can_be_suspended" time="0.003" /><testcase classname="tests.test_v042_anpr_quality" name="test_configure_updates_thresholds" time="0.000" /><testcase classname="tests.test_v042_anpr_quality" name="test_reset_clears_state" time="0.001" /><testcase classname="tests.test_v042_anpr_quality" name="test_http_anpr_quality_endpoints" time="1.514" /><testcase classname="tests.test_v041_pipeline_per_camera" name="test_http_pipeline_v2_invalidate" time="0.519" /><testcase classname="tests.test_v041_pipeline_per_camera" name="test_known_anpr_providers_includes_fast_alpr" time="0.000" /><testcase classname="tests.test_pipeline_realtime.TestPipelineMetrics" name="test_record_stage_all_stages" time="0.000" /><testcase classname="tests.test_pipeline_realtime.TestPipelineMetrics" name="test_record_stage_unknown_ignored" time="0.000" /><testcase classname="tests.test_pipeline_realtime.TestPipelineMetrics" name="test_fps_computed_from_realtime_stage" time="0.000" /><testcase classname="tests.test_pipeline_realtime.TestPipelineMetrics" name="test_drops_tracked" time="0.000" /><testcase classname="tests.test_pipeline_realtime.TestPipelineMetrics" name="test_p95_requires_5_samples" time="0.000" /><testcase classname="tests.test_pipeline_realtime.TestPipelineMetrics" name="test_multi_camera_isolation" time="0.000" /><testcase classname="tests.test_pipeline_realtime.TestPipelineMetrics" name="test_window_limit" time="0.001" /><testcase classname="tests.test_v041_anpr_whitelist" name="test_analyze_frame_signature_accepts_enabled_plugins" time="0.295" /><testcase classname="tests.test_v042_anpr_quality" name="test_specialized_registry_has_key_brands" time="0.000" /><testcase classname="tests.test_v042_anpr_quality" name="test_singleton_anpr_quality_available" time="0.000" /><testcase classname="tests.test_v041_anpr_whitelist" name="test_analyze_frame_delegates_to_camera_worker" time="0.002" /><testcase classname="tests.test_v041_anpr_whitelist" name="test_stage_anpr_skips_when_whitelist_excludes_fast_alpr" time="0.003" /><testcase classname="tests.test_v041_anpr_whitelist" name="test_process_camera_passes_enabled_plugins_to_analyze" time="0.001" /><testcase classname="tests.test_v041_anpr_whitelist" name="test_empty_whitelist_keeps_legacy_behavior" time="0.002" /><testcase classname="tests.test_v041_anpr_whitelist" name="test_no_alpr_predict_when_skipped" time="0.002" /><testcase classname="tests.test_v042_pipeline_inspector_api.TestRegressionEndpoints" name="test_pipeline_v2" time="0.581" /><testcase classname="tests.test_v042_pipeline_inspector_api.TestRegressionEndpoints" name="test_pipeline_v2_stats" time="0.143" /><testcase classname="tests.test_v042_pipeline_inspector_api.TestPipelineInspector" name="test_get_inspector_structure" time="0.556" /><testcase classname="tests.test_v042_pipeline_inspector_api.TestRegressionEndpoints" name="test_anpr_quality" time="0.130" /><testcase classname="tests.test_v042_pipeline_inspector_api.TestPipelineInspector" name="test_camera_stages_present" time="6.140" /><testcase classname="tests.test_v042_pipeline_inspector_api.TestRegressionEndpoints" name="test_ai_health" time="0.124" /><testcase classname="tests.test_v042_pipeline_inspector_api.TestRegressionEndpoints" name="test_pipeline_metrics" time="0.131" /><testcase classname="tests.test_v043_pipeline_engine.TestFrameContextSharedCaches" name="test_frame_jpeg_data_uri_memoized" time="0.006" /><testcase classname="tests.test_v043_pipeline_engine.TestFrameContextSharedCaches" name="test_vehicle_roi_jpeg_memoized" time="0.001" /><testcase classname="tests.test_v043_pipeline_engine.TestFrameContextSharedCaches" name="test_plugin_frame_jpeg_shared" time="0.004" /><testcase classname="tests.test_v043_pipeline_engine.TestTrackerPoolSingleTracking" name="test_one_tracker_per_camera_isolated" time="0.562" /><testcase classname="tests.test_v043_pipeline_engine.TestTrackerPoolSingleTracking" name="test_resolve_algo_from_whitelist" time="0.000" /><testcase classname="tests.test_v043_pipeline_engine.TestTrackerPoolSingleTracking" name="test_track_ids_attached" time="0.009" /><testcase classname="tests.test_v043_pipeline_engine.TestCameraWorker" name="test_analyze_legacy_shape_and_ctx" time="2.998" /><testcase classname="tests.test_v043_pipeline_engine.TestCameraWorker" name="test_runtime_one_worker_per_camera" time="0.001" /><testcase classname="tests.test_v043_pipeline_engine.TestCameraWorker" name="test_worker_state_isolation" time="0.000" /><testcase classname="tests.test_pipeline_chain" name="test_pipeline_dispatches_detections_to_tracker_and_business" time="0.422" /><testcase classname="tests.test_pipeline_chain" name="test_pipeline_fire_detection_emits_critical" time="0.078" /><testcase classname="tests.test_pipeline_chain" name="test_pipeline_returns_timing_metrics" time="0.078" /><testcase classname="tests.test_pipeline_realtime.TestPipelineArchitecture" name="test_process_camera_is_async" time="0.000" /><testcase classname="tests.test_pipeline_realtime.TestPipelineArchitecture" name="test_downstream_uses_create_task_pattern" time="0.002" /><testcase classname="tests.test_pipeline_realtime.TestPipelineArchitecture" name="test_backpressure_guard_exists" time="0.000" /><testcase classname="tests.test_v042_pipeline_inspector_api.TestDownstream" name="test_events" time="0.596" /><testcase classname="tests.test_v042_pipeline_inspector_api.TestDownstream" name="test_plates" time="0.284" /><testcase classname="tests.test_v043_pipeline_engine.TestBusSingleTrackingDispatch" name="test_tracker_plugins_never_called_with_precomputed_tracks" time="0.003" /><testcase classname="tests.test_v043_pipeline_engine.TestBusSingleTrackingDispatch" name="test_dispatch_plate_only_whitelist" time="0.003" /><testcase classname="tests.test_v043_pipeline_engine.TestInspector" name="test_records_and_snapshot" time="0.001" /><testcase classname="tests.test_v043_pipeline_engine.TestInspector" name="test_ai_engine_wrapper_delegates_to_worker" time="0.235" /><testcase classname="tests.test_v042_pipeline_inspector_api.TestAiDebug" name="test_ai_debug_snapshot" time="0.502" /><testcase classname="tests.test_v042_pipeline_inspector_api.TestPipelineInspector" name="test_runtime_workers_and_trackers" time="0.142" /><testcase classname="tests.test_pipeline_realtime.TestByteTrackDefaults" name="test_bytetrack_config_defaults" time="0.017" /><testcase classname="tests.test_v042_pipeline_inspector_api.TestPipelineInspector" name="test_z_reset_endpoint" time="3.314" /></testsuite></testsuites>