<?xml version="1.0" encoding="utf-8"?><testsuites name="pytest tests"><testsuite name="pytest" errors="0" failures="0" skipped="0" tests="18" time="33.461" timestamp="2026-08-11T13:12:46.203764+00:00" hostname="agent-env-5c399895-0b94-4521-a942-c8243d181cc9"><testcase classname="tests.test_video_pipeline_v2_e2e" name="test_video_status_contract[286eeced-ec07-4914-935a-85b232e24b19-mediamtx]" time="11.638" /><testcase classname="tests.test_video_pipeline_v2_e2e" name="test_video_status_contract[b875a677-8f45-4abd-8783-4b6eb2c8a68a-mjpeg]" time="0.179" /><testcase classname="tests.test_video_pipeline_v2_e2e" name="test_video_status_contract[0da7f4f3-4e50-40a8-a0b2-4bd73dc5cf3e-direct_rtsp]" time="3.643" /><testcase classname="tests.test_video_pipeline_v2_e2e" name="test_live_mjpeg_dispatch_mjpeg" time="2.338" /><testcase classname="tests.test_video_pipeline_v2_e2e" name="test_live_mjpeg_dispatch_mediamtx" time="3.992" /><testcase classname="tests.test_video_pipeline_v2_e2e" name="test_live_mjpeg_dispatch_direct_rtsp" time="0.214" /><testcase classname="tests.test_video_pipeline_v2_e2e" name="test_video_mjpeg_endpoint_mjpeg" time="0.137" /><testcase classname="tests.test_video_pipeline_v2_e2e" name="test_video_mjpeg_endpoint_mediamtx" time="0.152" /><testcase classname="tests.test_video_pipeline_v2_e2e" name="test_video_mjpeg_endpoint_direct_rtsp" time="0.117" /><testcase classname="tests.test_video_pipeline_v2_e2e" name="test_whep_mediamtx" time="0.231" /><testcase classname="tests.test_video_pipeline_v2_e2e" name="test_whep_mjpeg_rejected" time="0.216" /><testcase classname="tests.test_video_pipeline_v2_e2e" name="test_whep_direct_rtsp_rejected" time="0.165" /><testcase classname="tests.test_video_pipeline_v2_e2e" name="test_refresh_stream_mediamtx" time="0.279" /><testcase classname="tests.test_video_pipeline_v2_e2e" name="test_refresh_stream_mjpeg" time="0.363" /><testcase classname="tests.test_video_pipeline_v2_e2e" name="test_refresh_stream_direct_rtsp" time="3.773" /><testcase classname="tests.test_video_pipeline_v2_e2e" name="test_cameras_list_has_stream_pipeline" time="0.119" /><testcase classname="tests.test_video_pipeline_v2_e2e" name="test_create_and_delete_mediamtx_camera" time="5.512" /><testcase classname="tests.test_video_pipeline_v2_e2e" name="test_go2rtc_isolation" time="0.002" /></testsuite></testsuites>